<?xml version="1.0" encoding="UTF-8"?>
<testsuite xmlns:xsi="http://www.w3.org/2001/XMLSchema-instance" xsi:noNamespaceSchemaLocation="https://maven.apache.org/surefire/maven-surefire-plugin/xsd/surefire-test-report-3.0.xsd" version="3.0" name="runner.TestRunner" time="34.643" tests="1" errors="0" skipped="0" failures="0">
  <properties>
[...]
</properties>
  <testcase name="Successful login with valid credentials" classname="Login functionality" time="33.911">
    <system-out><![CDATA[
Scenario: Successful login with valid credentials # src/test/resources/features/login.feature:3
  Given I am on the login page                    # steps.LoginSteps.i_am_on_the_login_page()
  When I enter valid credentials                  # steps.LoginSteps.i_enter_valid_credentials()
  And I click on the Login button                 # steps.LoginSteps.i_click_on_the_login_button()
  Then I should be redirected to the secure area  # steps.LoginSteps.i_should_be_redirected_to_the_secure_area()
]]></system-out>
    <system-err><![CDATA[Sep 04, 2025 11:21:12 AM org.openqa.selenium.devtools.CdpVersionFinder findNearestMatch
WARNING: Unable to find CDP implementation matching 139
Sep 04, 2025 11:21:12 AM org.openqa.selenium.chromium.ChromiumDriver lambda$new$5
WARNING: Unable to find version of CDP to use for 139.0.7258.139. You may need to include a dependency on a specific version of the CDP using something similar to `org.seleniumhq.selenium:selenium-devtools-v86:4.21.0` where the version ("v86") matches the version of the chromium-based browser you're using and the version number of the artifact is the same as Selenium's.
]]></system-err>
  </testcase>
</testsuite>